{"/Users/bytedance/WeChatProjects/lv-house/cloudfunctions/getFavorites/index.js": {"path":"/Users/bytedance/WeChatProjects/lv-house/cloudfunctions/getFavorites/index.js","statementMap":{"0":{"start":{"line":1,"column":14},"end":{"line":1,"column":38}},"1":{"start":{"line":2,"column":0},"end":{"line":2,"column":47}},"2":{"start":{"line":3,"column":11},"end":{"line":3,"column":27}},"3":{"start":{"line":4,"column":10},"end":{"line":4,"column":20}},"4":{"start":{"line":6,"column":0},"end":{"line":62,"column":2}},"5":{"start":{"line":7,"column":20},"end":{"line":7,"column":40}},"6":{"start":{"line":8,"column":17},"end":{"line":8,"column":33}},"7":{"start":{"line":9,"column":38},"end":{"line":9,"column":43}},"8":{"start":{"line":11,"column":2},"end":{"line":61,"column":3}},"9":{"start":{"line":12,"column":28},"end":{"line":12,"column":98}},"10":{"start":{"line":13,"column":4},"end":{"line":15,"column":5}},"11":{"start":{"line":14,"column":6},"end":{"line":14,"column":44}},"12":{"start":{"line":17,"column":21},"end":{"line":17,"column":51}},"13":{"start":{"line":18,"column":25},"end":{"line":18,"column":74}},"14":{"start":{"line":19,"column":17},"end":{"line":19,"column":46}},"15":{"start":{"line":21,"column":32},"end":{"line":26,"column":12}},"16":{"start":{"line":28,"column":4},"end":{"line":30,"column":5}},"17":{"start":{"line":29,"column":6},"end":{"line":29,"column":85}},"18":{"start":{"line":32,"column":21},"end":{"line":32,"column":72}},"19":{"start":{"line":32,"column":43},"end":{"line":32,"column":55}},"20":{"start":{"line":33,"column":32},"end":{"line":38,"column":12}},"21":{"start":{"line":40,"column":21},"end":{"line":40,"column":23}},"22":{"start":{"line":41,"column":4},"end":{"line":43,"column":7}},"23":{"start":{"line":42,"column":6},"end":{"line":42,"column":32}},"24":{"start":{"line":45,"column":17},"end":{"line":56,"column":22}},"25":{"start":{"line":47,"column":22},"end":{"line":47,"column":44}},"26":{"start":{"line":48,"column":8},"end":{"line":48,"column":32}},"27":{"start":{"line":48,"column":20},"end":{"line":48,"column":32}},"28":{"start":{"line":49,"column":8},"end":{"line":54,"column":10}},"29":{"start":{"line":58,"column":4},"end":{"line":58,"column":79}},"30":{"start":{"line":60,"column":4},"end":{"line":60,"column":46}}},"fnMap":{"0":{"name":"(anonymous_0)","decl":{"start":{"line":6,"column":15},"end":{"line":6,"column":16}},"loc":{"start":{"line":6,"column":32},"end":{"line":62,"column":1}},"line":6},"1":{"name":"(anonymous_1)","decl":{"start":{"line":32,"column":35},"end":{"line":32,"column":36}},"loc":{"start":{"line":32,"column":43},"end":{"line":32,"column":55}},"line":32},"2":{"name":"(anonymous_2)","decl":{"start":{"line":41,"column":22},"end":{"line":41,"column":23}},"loc":{"start":{"line":41,"column":30},"end":{"line":43,"column":5}},"line":41},"3":{"name":"(anonymous_3)","decl":{"start":{"line":46,"column":11},"end":{"line":46,"column":12}},"loc":{"start":{"line":46,"column":19},"end":{"line":55,"column":7}},"line":46}},"branchMap":{"0":{"loc":{"start":{"line":9,"column":10},"end":{"line":9,"column":18}},"type":"default-arg","locations":[{"start":{"line":9,"column":17},"end":{"line":9,"column":18}}],"line":9},"1":{"loc":{"start":{"line":9,"column":20},"end":{"line":9,"column":33}},"type":"default-arg","locations":[{"start":{"line":9,"column":31},"end":{"line":9,"column":33}}],"line":9},"2":{"loc":{"start":{"line":13,"column":4},"end":{"line":15,"column":5}},"type":"if","locations":[{"start":{"line":13,"column":4},"end":{"line":15,"column":5}},{"start":{},"end":{}}],"line":13},"3":{"loc":{"start":{"line":17,"column":33},"end":{"line":17,"column":50}},"type":"binary-expr","locations":[{"start":{"line":17,"column":33},"end":{"line":17,"column":45}},{"start":{"line":17,"column":49},"end":{"line":17,"column":50}}],"line":17},"4":{"loc":{"start":{"line":18,"column":50},"end":{"line":18,"column":72}},"type":"binary-expr","locations":[{"start":{"line":18,"column":50},"end":{"line":18,"column":66}},{"start":{"line":18,"column":70},"end":{"line":18,"column":72}}],"line":18},"5":{"loc":{"start":{"line":28,"column":4},"end":{"line":30,"column":5}},"type":"if","locations":[{"start":{"line":28,"column":4},"end":{"line":30,"column":5}},{"start":{},"end":{}}],"line":28},"6":{"loc":{"start":{"line":48,"column":8},"end":{"line":48,"column":32}},"type":"if","locations":[{"start":{"line":48,"column":8},"end":{"line":48,"column":32}},{"start":{},"end":{}}],"line":48}},"s":{"0":1,"1":1,"2":1,"3":1,"4":1,"5":1,"6":1,"7":1,"8":1,"9":1,"10":1,"11":0,"12":1,"13":1,"14":1,"15":1,"16":1,"17":0,"18":1,"19":2,"20":1,"21":1,"22":1,"23":2,"24":1,"25":2,"26":2,"27":0,"28":2,"29":1,"30":0},"f":{"0":1,"1":2,"2":2,"3":2},"b":{"0":[0],"1":[0],"2":[0,1],"3":[1,0],"4":[1,0],"5":[0,1],"6":[0,2]},"_coverageSchema":"1a1c01bbd47fc00a2c39e90264f33305004495a9","hash":"9cccd8a7859880aeaae2f20c057e7aca9028d077"}
,"/Users/bytedance/WeChatProjects/lv-house/cloudfunctions/getGoods/index.js": {"path":"/Users/bytedance/WeChatProjects/lv-house/cloudfunctions/getGoods/index.js","statementMap":{"0":{"start":{"line":1,"column":14},"end":{"line":1,"column":38}},"1":{"start":{"line":2,"column":0},"end":{"line":2,"column":47}},"2":{"start":{"line":3,"column":11},"end":{"line":3,"column":27}},"3":{"start":{"line":4,"column":10},"end":{"line":4,"column":20}},"4":{"start":{"line":6,"column":0},"end":{"line":41,"column":2}},"5":{"start":{"line":7,"column":2},"end":{"line":40,"column":3}},"6":{"start":{"line":9,"column":68},"end":{"line":9,"column":73}},"7":{"start":{"line":11,"column":16},"end":{"line":11,"column":39}},"8":{"start":{"line":13,"column":4},"end":{"line":13,"column":76}},"9":{"start":{"line":13,"column":22},"end":{"line":13,"column":76}},"10":{"start":{"line":14,"column":4},"end":{"line":14,"column":61}},"11":{"start":{"line":14,"column":17},"end":{"line":14,"column":61}},"12":{"start":{"line":15,"column":4},"end":{"line":15,"column":58}},"13":{"start":{"line":15,"column":16},"end":{"line":15,"column":58}},"14":{"start":{"line":16,"column":4},"end":{"line":16,"column":55}},"15":{"start":{"line":16,"column":15},"end":{"line":16,"column":55}},"16":{"start":{"line":17,"column":4},"end":{"line":17,"column":70}},"17":{"start":{"line":17,"column":32},"end":{"line":17,"column":70}},"18":{"start":{"line":18,"column":4},"end":{"line":18,"column":93}},"19":{"start":{"line":18,"column":32},"end":{"line":18,"column":93}},"20":{"start":{"line":19,"column":4},"end":{"line":19,"column":59}},"21":{"start":{"line":19,"column":19},"end":{"line":19,"column":59}},"22":{"start":{"line":20,"column":4},"end":{"line":20,"column":75}},"23":{"start":{"line":20,"column":17},"end":{"line":20,"column":75}},"24":{"start":{"line":22,"column":20},"end":{"line":22,"column":31}},"25":{"start":{"line":23,"column":20},"end":{"line":23,"column":26}},"26":{"start":{"line":24,"column":4},"end":{"line":27,"column":58}},"27":{"start":{"line":24,"column":26},"end":{"line":24,"column":50}},"28":{"start":{"line":25,"column":9},"end":{"line":27,"column":58}},"29":{"start":{"line":25,"column":34},"end":{"line":25,"column":55}},"30":{"start":{"line":26,"column":9},"end":{"line":27,"column":58}},"31":{"start":{"line":26,"column":39},"end":{"line":26,"column":59}},"32":{"start":{"line":26,"column":60},"end":{"line":26,"column":78}},"33":{"start":{"line":27,"column":9},"end":{"line":27,"column":58}},"34":{"start":{"line":27,"column":38},"end":{"line":27,"column":58}},"35":{"start":{"line":29,"column":17},"end":{"line":29,"column":38}},"36":{"start":{"line":30,"column":21},"end":{"line":35,"column":12}},"37":{"start":{"line":37,"column":4},"end":{"line":37,"column":61}},"38":{"start":{"line":39,"column":4},"end":{"line":39,"column":46}}},"fnMap":{"0":{"name":"(anonymous_0)","decl":{"start":{"line":6,"column":15},"end":{"line":6,"column":16}},"loc":{"start":{"line":6,"column":32},"end":{"line":41,"column":1}},"line":6}},"branchMap":{"0":{"loc":{"start":{"line":9,"column":12},"end":{"line":9,"column":29}},"type":"default-arg","locations":[{"start":{"line":9,"column":21},"end":{"line":9,"column":29}}],"line":9},"1":{"loc":{"start":{"line":9,"column":40},"end":{"line":9,"column":48}},"type":"default-arg","locations":[{"start":{"line":9,"column":47},"end":{"line":9,"column":48}}],"line":9},"2":{"loc":{"start":{"line":9,"column":50},"end":{"line":9,"column":63}},"type":"default-arg","locations":[{"start":{"line":9,"column":61},"end":{"line":9,"column":63}}],"line":9},"3":{"loc":{"start":{"line":13,"column":4},"end":{"line":13,"column":76}},"type":"if","locations":[{"start":{"line":13,"column":4},"end":{"line":13,"column":76}},{"start":{},"end":{}}],"line":13},"4":{"loc":{"start":{"line":14,"column":4},"end":{"line":14,"column":61}},"type":"if","locations":[{"start":{"line":14,"column":4},"end":{"line":14,"column":61}},{"start":{},"end":{}}],"line":14},"5":{"loc":{"start":{"line":15,"column":4},"end":{"line":15,"column":58}},"type":"if","locations":[{"start":{"line":15,"column":4},"end":{"line":15,"column":58}},{"start":{},"end":{}}],"line":15},"6":{"loc":{"start":{"line":16,"column":4},"end":{"line":16,"column":55}},"type":"if","locations":[{"start":{"line":16,"column":4},"end":{"line":16,"column":55}},{"start":{},"end":{}}],"line":16},"7":{"loc":{"start":{"line":17,"column":4},"end":{"line":17,"column":70}},"type":"if","locations":[{"start":{"line":17,"column":4},"end":{"line":17,"column":70}},{"start":{},"end":{}}],"line":17},"8":{"loc":{"start":{"line":18,"column":4},"end":{"line":18,"column":93}},"type":"if","locations":[{"start":{"line":18,"column":4},"end":{"line":18,"column":93}},{"start":{},"end":{}}],"line":18},"9":{"loc":{"start":{"line":19,"column":4},"end":{"line":19,"column":59}},"type":"if","locations":[{"start":{"line":19,"column":4},"end":{"line":19,"column":59}},{"start":{},"end":{}}],"line":19},"10":{"loc":{"start":{"line":20,"column":4},"end":{"line":20,"column":75}},"type":"if","locations":[{"start":{"line":20,"column":4},"end":{"line":20,"column":75}},{"start":{},"end":{}}],"line":20},"11":{"loc":{"start":{"line":24,"column":4},"end":{"line":27,"column":58}},"type":"if","locations":[{"start":{"line":24,"column":4},"end":{"line":27,"column":58}},{"start":{"line":25,"column":9},"end":{"line":27,"column":58}}],"line":24},"12":{"loc":{"start":{"line":25,"column":9},"end":{"line":27,"column":58}},"type":"if","locations":[{"start":{"line":25,"column":9},"end":{"line":27,"column":58}},{"start":{"line":26,"column":9},"end":{"line":27,"column":58}}],"line":25},"13":{"loc":{"start":{"line":26,"column":9},"end":{"line":27,"column":58}},"type":"if","locations":[{"start":{"line":26,"column":9},"end":{"line":27,"column":58}},{"start":{"line":27,"column":9},"end":{"line":27,"column":58}}],"line":26},"14":{"loc":{"start":{"line":27,"column":9},"end":{"line":27,"column":58}},"type":"if","locations":[{"start":{"line":27,"column":9},"end":{"line":27,"column":58}},{"start":{},"end":{}}],"line":27}},"s":{"0":1,"1":1,"2":1,"3":1,"4":1,"5":1,"6":1,"7":1,"8":1,"9":0,"10":1,"11":0,"12":1,"13":1,"14":1,"15":0,"16":1,"17":1,"18":1,"19":1,"20":1,"21":1,"22":1,"23":1,"24":1,"25":1,"26":1,"27":0,"28":1,"29":0,"30":1,"31":1,"32":1,"33":0,"34":0,"35":1,"36":1,"37":1,"38":0},"f":{"0":1},"b":{"0":[0],"1":[0],"2":[0],"3":[0,1],"4":[0,1],"5":[1,0],"6":[0,1],"7":[1,0],"8":[1,0],"9":[1,0],"10":[1,0],"11":[0,1],"12":[0,1],"13":[1,0],"14":[0,0]},"_coverageSchema":"1a1c01bbd47fc00a2c39e90264f33305004495a9","hash":"476b24fbc863e2ae3a26b8636ad45c3c5ec6cb3f"}
,"/Users/bytedance/WeChatProjects/lv-house/cloudfunctions/getGoodsDetail/index.js": {"path":"/Users/bytedance/WeChatProjects/lv-house/cloudfunctions/getGoodsDetail/index.js","statementMap":{"0":{"start":{"line":1,"column":14},"end":{"line":1,"column":38}},"1":{"start":{"line":2,"column":0},"end":{"line":2,"column":47}},"2":{"start":{"line":3,"column":11},"end":{"line":3,"column":27}},"3":{"start":{"line":4,"column":10},"end":{"line":4,"column":20}},"4":{"start":{"line":6,"column":0},"end":{"line":40,"column":2}},"5":{"start":{"line":7,"column":2},"end":{"line":39,"column":3}},"6":{"start":{"line":8,"column":19},"end":{"line":8,"column":24}},"7":{"start":{"line":9,"column":22},"end":{"line":9,"column":42}},"8":{"start":{"line":12,"column":4},"end":{"line":12,"column":83}},"9":{"start":{"line":14,"column":21},"end":{"line":14,"column":63}},"10":{"start":{"line":17,"column":58},"end":{"line":28,"column":6}},"11":{"start":{"line":19,"column":96},"end":{"line":19,"column":102}},"12":{"start":{"line":21,"column":86},"end":{"line":21,"column":92}},"13":{"start":{"line":23,"column":84},"end":{"line":23,"column":90}},"14":{"start":{"line":25,"column":82},"end":{"line":25,"column":88}},"15":{"start":{"line":27,"column":115},"end":{"line":27,"column":121}},"16":{"start":{"line":30,"column":4},"end":{"line":30,"column":82}},"17":{"start":{"line":30,"column":56},"end":{"line":30,"column":80}},"18":{"start":{"line":31,"column":4},"end":{"line":31,"column":54}},"19":{"start":{"line":31,"column":46},"end":{"line":31,"column":52}},"20":{"start":{"line":32,"column":4},"end":{"line":32,"column":52}},"21":{"start":{"line":32,"column":44},"end":{"line":32,"column":50}},"22":{"start":{"line":33,"column":4},"end":{"line":33,"column":50}},"23":{"start":{"line":33,"column":42},"end":{"line":33,"column":48}},"24":{"start":{"line":34,"column":4},"end":{"line":34,"column":57}},"25":{"start":{"line":36,"column":4},"end":{"line":36,"column":29}},"26":{"start":{"line":38,"column":4},"end":{"line":38,"column":46}}},"fnMap":{"0":{"name":"(anonymous_0)","decl":{"start":{"line":6,"column":15},"end":{"line":6,"column":16}},"loc":{"start":{"line":6,"column":32},"end":{"line":40,"column":1}},"line":6},"1":{"name":"(anonymous_1)","decl":{"start":{"line":19,"column":91},"end":{"line":19,"column":92}},"loc":{"start":{"line":19,"column":96},"end":{"line":19,"column":102}},"line":19},"2":{"name":"(anonymous_2)","decl":{"start":{"line":21,"column":81},"end":{"line":21,"column":82}},"loc":{"start":{"line":21,"column":86},"end":{"line":21,"column":92}},"line":21},"3":{"name":"(anonymous_3)","decl":{"start":{"line":23,"column":79},"end":{"line":23,"column":80}},"loc":{"start":{"line":23,"column":84},"end":{"line":23,"column":90}},"line":23},"4":{"name":"(anonymous_4)","decl":{"start":{"line":25,"column":77},"end":{"line":25,"column":78}},"loc":{"start":{"line":25,"column":82},"end":{"line":25,"column":88}},"line":25},"5":{"name":"(anonymous_5)","decl":{"start":{"line":27,"column":110},"end":{"line":27,"column":111}},"loc":{"start":{"line":27,"column":115},"end":{"line":27,"column":121}},"line":27},"6":{"name":"(anonymous_6)","decl":{"start":{"line":30,"column":51},"end":{"line":30,"column":52}},"loc":{"start":{"line":30,"column":56},"end":{"line":30,"column":80}},"line":30},"7":{"name":"(anonymous_7)","decl":{"start":{"line":31,"column":41},"end":{"line":31,"column":42}},"loc":{"start":{"line":31,"column":46},"end":{"line":31,"column":52}},"line":31},"8":{"name":"(anonymous_8)","decl":{"start":{"line":32,"column":39},"end":{"line":32,"column":40}},"loc":{"start":{"line":32,"column":44},"end":{"line":32,"column":50}},"line":32},"9":{"name":"(anonymous_9)","decl":{"start":{"line":33,"column":37},"end":{"line":33,"column":38}},"loc":{"start":{"line":33,"column":42},"end":{"line":33,"column":48}},"line":33}},"branchMap":{"0":{"loc":{"start":{"line":18,"column":6},"end":{"line":19,"column":108}},"type":"cond-expr","locations":[{"start":{"line":19,"column":10},"end":{"line":19,"column":103}},{"start":{"line":19,"column":106},"end":{"line":19,"column":108}}],"line":18},"1":{"loc":{"start":{"line":18,"column":6},"end":{"line":18,"column":53}},"type":"binary-expr","locations":[{"start":{"line":18,"column":6},"end":{"line":18,"column":24}},{"start":{"line":18,"column":28},"end":{"line":18,"column":53}}],"line":18},"2":{"loc":{"start":{"line":20,"column":6},"end":{"line":21,"column":98}},"type":"cond-expr","locations":[{"start":{"line":21,"column":10},"end":{"line":21,"column":93}},{"start":{"line":21,"column":96},"end":{"line":21,"column":98}}],"line":20},"3":{"loc":{"start":{"line":20,"column":6},"end":{"line":20,"column":43}},"type":"binary-expr","locations":[{"start":{"line":20,"column":6},"end":{"line":20,"column":19}},{"start":{"line":20,"column":23},"end":{"line":20,"column":43}}],"line":20},"4":{"loc":{"start":{"line":22,"column":6},"end":{"line":23,"column":96}},"type":"cond-expr","locations":[{"start":{"line":23,"column":10},"end":{"line":23,"column":91}},{"start":{"line":23,"column":94},"end":{"line":23,"column":96}}],"line":22},"5":{"loc":{"start":{"line":22,"column":6},"end":{"line":22,"column":41}},"type":"binary-expr","locations":[{"start":{"line":22,"column":6},"end":{"line":22,"column":18}},{"start":{"line":22,"column":22},"end":{"line":22,"column":41}}],"line":22},"6":{"loc":{"start":{"line":24,"column":6},"end":{"line":25,"column":94}},"type":"cond-expr","locations":[{"start":{"line":25,"column":10},"end":{"line":25,"column":89}},{"start":{"line":25,"column":92},"end":{"line":25,"column":94}}],"line":24},"7":{"loc":{"start":{"line":24,"column":6},"end":{"line":24,"column":39}},"type":"binary-expr","locations":[{"start":{"line":24,"column":6},"end":{"line":24,"column":17}},{"start":{"line":24,"column":21},"end":{"line":24,"column":39}}],"line":24},"8":{"loc":{"start":{"line":26,"column":6},"end":{"line":27,"column":127}},"type":"cond-expr","locations":[{"start":{"line":27,"column":10},"end":{"line":27,"column":122}},{"start":{"line":27,"column":125},"end":{"line":27,"column":127}}],"line":26},"9":{"loc":{"start":{"line":30,"column":28},"end":{"line":30,"column":45}},"type":"binary-expr","locations":[{"start":{"line":30,"column":28},"end":{"line":30,"column":39}},{"start":{"line":30,"column":43},"end":{"line":30,"column":45}}],"line":30},"10":{"loc":{"start":{"line":30,"column":56},"end":{"line":30,"column":80}},"type":"binary-expr","locations":[{"start":{"line":30,"column":56},"end":{"line":30,"column":69}},{"start":{"line":30,"column":73},"end":{"line":30,"column":80}}],"line":30},"11":{"loc":{"start":{"line":31,"column":23},"end":{"line":31,"column":35}},"type":"binary-expr","locations":[{"start":{"line":31,"column":23},"end":{"line":31,"column":29}},{"start":{"line":31,"column":33},"end":{"line":31,"column":35}}],"line":31},"12":{"loc":{"start":{"line":32,"column":22},"end":{"line":32,"column":33}},"type":"binary-expr","locations":[{"start":{"line":32,"column":22},"end":{"line":32,"column":27}},{"start":{"line":32,"column":31},"end":{"line":32,"column":33}}],"line":32},"13":{"loc":{"start":{"line":33,"column":21},"end":{"line":33,"column":31}},"type":"binary-expr","locations":[{"start":{"line":33,"column":21},"end":{"line":33,"column":25}},{"start":{"line":33,"column":29},"end":{"line":33,"column":31}}],"line":33},"14":{"loc":{"start":{"line":34,"column":26},"end":{"line":34,"column":55}},"type":"binary-expr","locations":[{"start":{"line":34,"column":26},"end":{"line":34,"column":35}},{"start":{"line":34,"column":39},"end":{"line":34,"column":55}}],"line":34}},"s":{"0":1,"1":1,"2":1,"3":1,"4":1,"5":1,"6":1,"7":1,"8":1,"9":1,"10":1,"11":1,"12":1,"13":1,"14":1,"15":1,"16":1,"17":1,"18":1,"19":1,"20":1,"21":1,"22":1,"23":1,"24":1,"25":1,"26":0},"f":{"0":1,"1":1,"2":1,"3":1,"4":1,"5":1,"6":1,"7":1,"8":1,"9":1},"b":{"0":[1,0],"1":[1,1],"2":[1,0],"3":[1,1],"4":[1,0],"5":[1,1],"6":[1,0],"7":[1,1],"8":[1,0],"9":[1,0],"10":[1,0],"11":[1,0],"12":[1,0],"13":[1,0],"14":[1,1]},"_coverageSchema":"1a1c01bbd47fc00a2c39e90264f33305004495a9","hash":"58cb5eeb723e535d2087a0fdc1b6e9b0921c4203"}
,"/Users/bytedance/WeChatProjects/lv-house/cloudfunctions/login/index.js": {"path":"/Users/bytedance/WeChatProjects/lv-house/cloudfunctions/login/index.js","statementMap":{"0":{"start":{"line":1,"column":14},"end":{"line":1,"column":38}},"1":{"start":{"line":2,"column":0},"end":{"line":2,"column":47}},"2":{"start":{"line":3,"column":11},"end":{"line":3,"column":27}},"3":{"start":{"line":5,"column":0},"end":{"line":34,"column":2}},"4":{"start":{"line":6,"column":20},"end":{"line":6,"column":40}},"5":{"start":{"line":7,"column":17},"end":{"line":7,"column":33}},"6":{"start":{"line":9,"column":2},"end":{"line":33,"column":3}},"7":{"start":{"line":11,"column":21},"end":{"line":11,"column":82}},"8":{"start":{"line":13,"column":4},"end":{"line":15,"column":5}},"9":{"start":{"line":14,"column":6},"end":{"line":14,"column":62}},"10":{"start":{"line":18,"column":20},"end":{"line":27,"column":5}},"11":{"start":{"line":28,"column":16},"end":{"line":28,"column":67}},"12":{"start":{"line":29,"column":4},"end":{"line":29,"column":26}},"13":{"start":{"line":30,"column":4},"end":{"line":30,"column":60}},"14":{"start":{"line":32,"column":4},"end":{"line":32,"column":46}}},"fnMap":{"0":{"name":"(anonymous_0)","decl":{"start":{"line":5,"column":15},"end":{"line":5,"column":16}},"loc":{"start":{"line":5,"column":41},"end":{"line":34,"column":1}},"line":5}},"branchMap":{"0":{"loc":{"start":{"line":13,"column":4},"end":{"line":15,"column":5}},"type":"if","locations":[{"start":{"line":13,"column":4},"end":{"line":15,"column":5}},{"start":{},"end":{}}],"line":13}},"s":{"0":2,"1":2,"2":2,"3":2,"4":2,"5":2,"6":2,"7":2,"8":2,"9":1,"10":1,"11":1,"12":1,"13":1,"14":0},"f":{"0":2},"b":{"0":[1,1]},"_coverageSchema":"1a1c01bbd47fc00a2c39e90264f33305004495a9","hash":"df941a36e28654d7f442e98162c8f944bf8abfaf"}
,"/Users/bytedance/WeChatProjects/lv-house/cloudfunctions/saveGoods/index.js": {"path":"/Users/bytedance/WeChatProjects/lv-house/cloudfunctions/saveGoods/index.js","statementMap":{"0":{"start":{"line":1,"column":14},"end":{"line":1,"column":38}},"1":{"start":{"line":2,"column":0},"end":{"line":2,"column":47}},"2":{"start":{"line":3,"column":11},"end":{"line":3,"column":27}},"3":{"start":{"line":5,"column":0},"end":{"line":34,"column":2}},"4":{"start":{"line":6,"column":20},"end":{"line":6,"column":40}},"5":{"start":{"line":8,"column":2},"end":{"line":33,"column":3}},"6":{"start":{"line":10,"column":28},"end":{"line":10,"column":114}},"7":{"start":{"line":11,"column":4},"end":{"line":11,"column":60}},"8":{"start":{"line":11,"column":23},"end":{"line":11,"column":60}},"9":{"start":{"line":13,"column":34},"end":{"line":13,"column":39}},"10":{"start":{"line":14,"column":4},"end":{"line":14,"column":42}},"11":{"start":{"line":15,"column":4},"end":{"line":15,"column":51}},"12":{"start":{"line":16,"column":4},"end":{"line":16,"column":80}},"13":{"start":{"line":18,"column":4},"end":{"line":30,"column":5}},"14":{"start":{"line":20,"column":6},"end":{"line":20,"column":72}},"15":{"start":{"line":21,"column":6},"end":{"line":21,"column":40}},"16":{"start":{"line":24,"column":6},"end":{"line":24,"column":44}},"17":{"start":{"line":25,"column":6},"end":{"line":25,"column":30}},"18":{"start":{"line":26,"column":6},"end":{"line":26,"column":30}},"19":{"start":{"line":27,"column":6},"end":{"line":27,"column":30}},"20":{"start":{"line":28,"column":18},"end":{"line":28,"column":71}},"21":{"start":{"line":29,"column":6},"end":{"line":29,"column":49}},"22":{"start":{"line":32,"column":4},"end":{"line":32,"column":46}}},"fnMap":{"0":{"name":"(anonymous_0)","decl":{"start":{"line":5,"column":15},"end":{"line":5,"column":16}},"loc":{"start":{"line":5,"column":32},"end":{"line":34,"column":1}},"line":5}},"branchMap":{"0":{"loc":{"start":{"line":11,"column":4},"end":{"line":11,"column":60}},"type":"if","locations":[{"start":{"line":11,"column":4},"end":{"line":11,"column":60}},{"start":{},"end":{}}],"line":11},"1":{"loc":{"start":{"line":15,"column":22},"end":{"line":15,"column":50}},"type":"binary-expr","locations":[{"start":{"line":15,"column":22},"end":{"line":15,"column":45}},{"start":{"line":15,"column":49},"end":{"line":15,"column":50}}],"line":15},"2":{"loc":{"start":{"line":16,"column":48},"end":{"line":16,"column":77}},"type":"binary-expr","locations":[{"start":{"line":16,"column":48},"end":{"line":16,"column":72}},{"start":{"line":16,"column":76},"end":{"line":16,"column":77}}],"line":16},"3":{"loc":{"start":{"line":18,"column":4},"end":{"line":30,"column":5}},"type":"if","locations":[{"start":{"line":18,"column":4},"end":{"line":30,"column":5}},{"start":{"line":22,"column":11},"end":{"line":30,"column":5}}],"line":18}},"s":{"0":2,"1":2,"2":2,"3":2,"4":2,"5":2,"6":2,"7":2,"8":1,"9":1,"10":1,"11":1,"12":1,"13":1,"14":0,"15":0,"16":1,"17":1,"18":1,"19":1,"20":1,"21":1,"22":0},"f":{"0":2},"b":{"0":[1,1],"1":[1,0],"2":[1,0],"3":[0,1]},"_coverageSchema":"1a1c01bbd47fc00a2c39e90264f33305004495a9","hash":"56c0428be9d662da3f7c995467d17f2be86466e1"}
,"/Users/bytedance/WeChatProjects/lv-house/cloudfunctions/toggleFavorite/index.js": {"path":"/Users/bytedance/WeChatProjects/lv-house/cloudfunctions/toggleFavorite/index.js","statementMap":{"0":{"start":{"line":1,"column":14},"end":{"line":1,"column":38}},"1":{"start":{"line":2,"column":0},"end":{"line":2,"column":47}},"2":{"start":{"line":3,"column":11},"end":{"line":3,"column":27}},"3":{"start":{"line":5,"column":0},"end":{"line":81,"column":2}},"4":{"start":{"line":6,"column":20},"end":{"line":6,"column":40}},"5":{"start":{"line":7,"column":17},"end":{"line":7,"column":33}},"6":{"start":{"line":8,"column":22},"end":{"line":8,"column":27}},"7":{"start":{"line":10,"column":2},"end":{"line":12,"column":3}},"8":{"start":{"line":11,"column":4},"end":{"line":11,"column":44}},"9":{"start":{"line":14,"column":2},"end":{"line":80,"column":3}},"10":{"start":{"line":15,"column":53},"end":{"line":19,"column":6}},"11":{"start":{"line":21,"column":4},"end":{"line":23,"column":5}},"12":{"start":{"line":22,"column":6},"end":{"line":22,"column":44}},"13":{"start":{"line":25,"column":18},"end":{"line":25,"column":31}},"14":{"start":{"line":26,"column":4},"end":{"line":28,"column":5}},"15":{"start":{"line":27,"column":6},"end":{"line":27,"column":50}},"16":{"start":{"line":30,"column":21},"end":{"line":30,"column":40}},"17":{"start":{"line":32,"column":4},"end":{"line":50,"column":5}},"18":{"start":{"line":33,"column":6},"end":{"line":41,"column":9}},"19":{"start":{"line":43,"column":6},"end":{"line":49,"column":8}},"20":{"start":{"line":52,"column":22},"end":{"line":52,"column":54}},"21":{"start":{"line":54,"column":4},"end":{"line":69,"column":7}},"22":{"start":{"line":71,"column":4},"end":{"line":77,"column":6}},"23":{"start":{"line":79,"column":4},"end":{"line":79,"column":46}}},"fnMap":{"0":{"name":"(anonymous_0)","decl":{"start":{"line":5,"column":15},"end":{"line":5,"column":16}},"loc":{"start":{"line":5,"column":32},"end":{"line":81,"column":1}},"line":5}},"branchMap":{"0":{"loc":{"start":{"line":10,"column":2},"end":{"line":12,"column":3}},"type":"if","locations":[{"start":{"line":10,"column":2},"end":{"line":12,"column":3}},{"start":{},"end":{}}],"line":10},"1":{"loc":{"start":{"line":21,"column":4},"end":{"line":23,"column":5}},"type":"if","locations":[{"start":{"line":21,"column":4},"end":{"line":23,"column":5}},{"start":{},"end":{}}],"line":21},"2":{"loc":{"start":{"line":26,"column":4},"end":{"line":28,"column":5}},"type":"if","locations":[{"start":{"line":26,"column":4},"end":{"line":28,"column":5}},{"start":{},"end":{}}],"line":26},"3":{"loc":{"start":{"line":26,"column":8},"end":{"line":26,"column":46}},"type":"binary-expr","locations":[{"start":{"line":26,"column":8},"end":{"line":26,"column":14}},{"start":{"line":26,"column":18},"end":{"line":26,"column":46}}],"line":26},"4":{"loc":{"start":{"line":32,"column":4},"end":{"line":50,"column":5}},"type":"if","locations":[{"start":{"line":32,"column":4},"end":{"line":50,"column":5}},{"start":{},"end":{}}],"line":32},"5":{"loc":{"start":{"line":37,"column":35},"end":{"line":37,"column":67}},"type":"binary-expr","locations":[{"start":{"line":37,"column":35},"end":{"line":37,"column":62}},{"start":{"line":37,"column":66},"end":{"line":37,"column":67}}],"line":37},"6":{"loc":{"start":{"line":47,"column":33},"end":{"line":47,"column":65}},"type":"binary-expr","locations":[{"start":{"line":47,"column":33},"end":{"line":47,"column":60}},{"start":{"line":47,"column":64},"end":{"line":47,"column":65}}],"line":47},"7":{"loc":{"start":{"line":52,"column":22},"end":{"line":52,"column":54}},"type":"binary-expr","locations":[{"start":{"line":52,"column":22},"end":{"line":52,"column":49}},{"start":{"line":52,"column":53},"end":{"line":52,"column":54}}],"line":52}},"s":{"0":2,"1":2,"2":2,"3":2,"4":2,"5":2,"6":2,"7":2,"8":0,"9":2,"10":2,"11":2,"12":0,"13":2,"14":2,"15":0,"16":2,"17":2,"18":1,"19":1,"20":1,"21":1,"22":1,"23":0},"f":{"0":2},"b":{"0":[0,2],"1":[0,2],"2":[0,2],"3":[2,2],"4":[1,1],"5":[1,0],"6":[1,0],"7":[1,0]},"_coverageSchema":"1a1c01bbd47fc00a2c39e90264f33305004495a9","hash":"680c10004d1bce1dafcc46b2d897d77e2d446c9b"}
,"/Users/bytedance/WeChatProjects/lv-house/miniprogram/utils/api.js": {"path":"/Users/bytedance/WeChatProjects/lv-house/miniprogram/utils/api.js","statementMap":{"0":{"start":{"line":4,"column":18},"end":{"line":20,"column":1}},"1":{"start":{"line":5,"column":2},"end":{"line":19,"column":5}},"2":{"start":{"line":9,"column":4},"end":{"line":9,"column":54}},"3":{"start":{"line":10,"column":4},"end":{"line":12,"column":5}},"4":{"start":{"line":11,"column":6},"end":{"line":11,"column":29}},"5":{"start":{"line":13,"column":16},"end":{"line":13,"column":59}},"6":{"start":{"line":14,"column":4},"end":{"line":14,"column":51}},"7":{"start":{"line":15,"column":4},"end":{"line":15,"column":25}},"8":{"start":{"line":17,"column":4},"end":{"line":17,"column":51}},"9":{"start":{"line":18,"column":4},"end":{"line":18,"column":14}},"10":{"start":{"line":22,"column":0},"end":{"line":36,"column":2}},"11":{"start":{"line":23,"column":12},"end":{"line":23,"column":38}},"12":{"start":{"line":24,"column":21},"end":{"line":24,"column":64}},"13":{"start":{"line":25,"column":23},"end":{"line":25,"column":66}},"14":{"start":{"line":26,"column":25},"end":{"line":26,"column":72}},"15":{"start":{"line":27,"column":28},"end":{"line":27,"column":76}},"16":{"start":{"line":28,"column":20},"end":{"line":28,"column":56}},"17":{"start":{"line":29,"column":20},"end":{"line":29,"column":60}},"18":{"start":{"line":30,"column":27},"end":{"line":30,"column":76}},"19":{"start":{"line":31,"column":16},"end":{"line":31,"column":46}},"20":{"start":{"line":32,"column":15},"end":{"line":32,"column":44}},"21":{"start":{"line":33,"column":14},"end":{"line":33,"column":42}},"22":{"start":{"line":34,"column":25},"end":{"line":34,"column":66}},"23":{"start":{"line":35,"column":38},"end":{"line":35,"column":96}}},"fnMap":{"0":{"name":"(anonymous_0)","decl":{"start":{"line":4,"column":18},"end":{"line":4,"column":19}},"loc":{"start":{"line":4,"column":39},"end":{"line":20,"column":1}},"line":4},"1":{"name":"(anonymous_1)","decl":{"start":{"line":8,"column":10},"end":{"line":8,"column":11}},"loc":{"start":{"line":8,"column":17},"end":{"line":16,"column":3}},"line":8},"2":{"name":"(anonymous_2)","decl":{"start":{"line":16,"column":11},"end":{"line":16,"column":12}},"loc":{"start":{"line":16,"column":18},"end":{"line":19,"column":3}},"line":16},"3":{"name":"(anonymous_3)","decl":{"start":{"line":23,"column":2},"end":{"line":23,"column":3}},"loc":{"start":{"line":23,"column":10},"end":{"line":23,"column":40}},"line":23},"4":{"name":"(anonymous_4)","decl":{"start":{"line":24,"column":2},"end":{"line":24,"column":3}},"loc":{"start":{"line":24,"column":19},"end":{"line":24,"column":66}},"line":24},"5":{"name":"(anonymous_5)","decl":{"start":{"line":25,"column":2},"end":{"line":25,"column":3}},"loc":{"start":{"line":25,"column":21},"end":{"line":25,"column":68}},"line":25},"6":{"name":"(anonymous_6)","decl":{"start":{"line":26,"column":2},"end":{"line":26,"column":3}},"loc":{"start":{"line":26,"column":23},"end":{"line":26,"column":74}},"line":26},"7":{"name":"(anonymous_7)","decl":{"start":{"line":27,"column":2},"end":{"line":27,"column":3}},"loc":{"start":{"line":27,"column":26},"end":{"line":27,"column":78}},"line":27},"8":{"name":"(anonymous_8)","decl":{"start":{"line":28,"column":2},"end":{"line":28,"column":3}},"loc":{"start":{"line":28,"column":18},"end":{"line":28,"column":58}},"line":28},"9":{"name":"(anonymous_9)","decl":{"start":{"line":29,"column":2},"end":{"line":29,"column":3}},"loc":{"start":{"line":29,"column":18},"end":{"line":29,"column":62}},"line":29},"10":{"name":"(anonymous_10)","decl":{"start":{"line":30,"column":2},"end":{"line":30,"column":3}},"loc":{"start":{"line":30,"column":25},"end":{"line":30,"column":78}},"line":30},"11":{"name":"(anonymous_11)","decl":{"start":{"line":31,"column":2},"end":{"line":31,"column":3}},"loc":{"start":{"line":31,"column":14},"end":{"line":31,"column":48}},"line":31},"12":{"name":"(anonymous_12)","decl":{"start":{"line":32,"column":2},"end":{"line":32,"column":3}},"loc":{"start":{"line":32,"column":13},"end":{"line":32,"column":46}},"line":32},"13":{"name":"(anonymous_13)","decl":{"start":{"line":33,"column":2},"end":{"line":33,"column":3}},"loc":{"start":{"line":33,"column":12},"end":{"line":33,"column":44}},"line":33},"14":{"name":"(anonymous_14)","decl":{"start":{"line":34,"column":2},"end":{"line":34,"column":3}},"loc":{"start":{"line":34,"column":23},"end":{"line":34,"column":68}},"line":34},"15":{"name":"(anonymous_15)","decl":{"start":{"line":35,"column":2},"end":{"line":35,"column":3}},"loc":{"start":{"line":35,"column":36},"end":{"line":35,"column":98}},"line":35}},"branchMap":{"0":{"loc":{"start":{"line":4,"column":25},"end":{"line":4,"column":34}},"type":"default-arg","locations":[{"start":{"line":4,"column":32},"end":{"line":4,"column":34}}],"line":4},"1":{"loc":{"start":{"line":10,"column":4},"end":{"line":12,"column":5}},"type":"if","locations":[{"start":{"line":10,"column":4},"end":{"line":12,"column":5}},{"start":{},"end":{}}],"line":10},"2":{"loc":{"start":{"line":10,"column":8},"end":{"line":10,"column":43}},"type":"binary-expr","locations":[{"start":{"line":10,"column":8},"end":{"line":10,"column":18}},{"start":{"line":10,"column":22},"end":{"line":10,"column":43}}],"line":10},"3":{"loc":{"start":{"line":13,"column":16},"end":{"line":13,"column":59}},"type":"cond-expr","locations":[{"start":{"line":13,"column":29},"end":{"line":13,"column":47}},{"start":{"line":13,"column":50},"end":{"line":13,"column":59}}],"line":13},"4":{"loc":{"start":{"line":24,"column":50},"end":{"line":24,"column":62}},"type":"binary-expr","locations":[{"start":{"line":24,"column":50},"end":{"line":24,"column":56}},{"start":{"line":24,"column":60},"end":{"line":24,"column":62}}],"line":24},"5":{"loc":{"start":{"line":26,"column":58},"end":{"line":26,"column":70}},"type":"binary-expr","locations":[{"start":{"line":26,"column":58},"end":{"line":26,"column":64}},{"start":{"line":26,"column":68},"end":{"line":26,"column":70}}],"line":26},"6":{"loc":{"start":{"line":30,"column":62},"end":{"line":30,"column":74}},"type":"binary-expr","locations":[{"start":{"line":30,"column":62},"end":{"line":30,"column":68}},{"start":{"line":30,"column":72},"end":{"line":30,"column":74}}],"line":30}},"s":{"0":2,"1":2,"2":2,"3":2,"4":1,"5":1,"6":1,"7":1,"8":1,"9":1,"10":2,"11":0,"12":1,"13":0,"14":0,"15":1,"16":0,"17":0,"18":0,"19":0,"20":0,"21":0,"22":0,"23":0},"f":{"0":2,"1":2,"2":1,"3":0,"4":1,"5":0,"6":0,"7":1,"8":0,"9":0,"10":0,"11":0,"12":0,"13":0,"14":0,"15":0},"b":{"0":[0],"1":[1,1],"2":[2,2],"3":[1,0],"4":[1,0],"5":[0,0],"6":[0,0]},"_coverageSchema":"1a1c01bbd47fc00a2c39e90264f33305004495a9","hash":"7b2f95b37eb0793a7298c33f39e5e9807af71d16"}
,"/Users/bytedance/WeChatProjects/lv-house/miniprogram/utils/auth.js": {"path":"/Users/bytedance/WeChatProjects/lv-house/miniprogram/utils/auth.js","statementMap":{"0":{"start":{"line":4,"column":12},"end":{"line":4,"column":28}},"1":{"start":{"line":9,"column":16},"end":{"line":28,"column":1}},"2":{"start":{"line":10,"column":2},"end":{"line":27,"column":3}},"3":{"start":{"line":11,"column":16},"end":{"line":11,"column":24}},"4":{"start":{"line":12,"column":17},"end":{"line":12,"column":34}},"5":{"start":{"line":13,"column":21},"end":{"line":13,"column":42}},"6":{"start":{"line":14,"column":4},"end":{"line":14,"column":60}},"7":{"start":{"line":17,"column":4},"end":{"line":17,"column":44}},"8":{"start":{"line":18,"column":4},"end":{"line":18,"column":39}},"9":{"start":{"line":19,"column":4},"end":{"line":19,"column":37}},"10":{"start":{"line":20,"column":4},"end":{"line":20,"column":55}},"11":{"start":{"line":21,"column":4},"end":{"line":21,"column":44}},"12":{"start":{"line":23,"column":4},"end":{"line":23,"column":20}},"13":{"start":{"line":25,"column":4},"end":{"line":25,"column":31}},"14":{"start":{"line":26,"column":4},"end":{"line":26,"column":14}},"15":{"start":{"line":33,"column":17},"end":{"line":40,"column":1}},"16":{"start":{"line":34,"column":14},"end":{"line":34,"column":22}},"17":{"start":{"line":35,"column":2},"end":{"line":35,"column":35}},"18":{"start":{"line":36,"column":2},"end":{"line":36,"column":33}},"19":{"start":{"line":37,"column":2},"end":{"line":37,"column":36}},"20":{"start":{"line":38,"column":2},"end":{"line":38,"column":33}},"21":{"start":{"line":39,"column":2},"end":{"line":39,"column":29}},"22":{"start":{"line":45,"column":16},"end":{"line":48,"column":1}},"23":{"start":{"line":46,"column":14},"end":{"line":46,"column":22}},"24":{"start":{"line":47,"column":2},"end":{"line":47,"column":41}},"25":{"start":{"line":53,"column":19},"end":{"line":56,"column":1}},"26":{"start":{"line":54,"column":14},"end":{"line":54,"column":22}},"27":{"start":{"line":55,"column":2},"end":{"line":55,"column":44}},"28":{"start":{"line":58,"column":0},"end":{"line":58,"column":60}}},"fnMap":{"0":{"name":"(anonymous_0)","decl":{"start":{"line":9,"column":16},"end":{"line":9,"column":17}},"loc":{"start":{"line":9,"column":28},"end":{"line":28,"column":1}},"line":9},"1":{"name":"(anonymous_1)","decl":{"start":{"line":33,"column":17},"end":{"line":33,"column":18}},"loc":{"start":{"line":33,"column":23},"end":{"line":40,"column":1}},"line":33},"2":{"name":"(anonymous_2)","decl":{"start":{"line":45,"column":16},"end":{"line":45,"column":17}},"loc":{"start":{"line":45,"column":22},"end":{"line":48,"column":1}},"line":45},"3":{"name":"(anonymous_3)","decl":{"start":{"line":53,"column":19},"end":{"line":53,"column":20}},"loc":{"start":{"line":53,"column":25},"end":{"line":56,"column":1}},"line":53}},"branchMap":{"0":{"loc":{"start":{"line":13,"column":21},"end":{"line":13,"column":42}},"type":"binary-expr","locations":[{"start":{"line":13,"column":21},"end":{"line":13,"column":34}},{"start":{"line":13,"column":38},"end":{"line":13,"column":42}}],"line":13},"1":{"loc":{"start":{"line":14,"column":22},"end":{"line":14,"column":59}},"type":"binary-expr","locations":[{"start":{"line":14,"column":22},"end":{"line":14,"column":33}},{"start":{"line":14,"column":37},"end":{"line":14,"column":53}},{"start":{"line":14,"column":57},"end":{"line":14,"column":59}}],"line":14}},"s":{"0":2,"1":2,"2":1,"3":1,"4":1,"5":1,"6":1,"7":1,"8":1,"9":1,"10":1,"11":1,"12":1,"13":0,"14":0,"15":2,"16":1,"17":1,"18":1,"19":1,"20":1,"21":1,"22":2,"23":1,"24":1,"25":2,"26":1,"27":1,"28":2},"f":{"0":1,"1":1,"2":1,"3":1},"b":{"0":[1,0],"1":[1,0,0]},"_coverageSchema":"1a1c01bbd47fc00a2c39e90264f33305004495a9","hash":"da9701d8c75367de03d8ea0935fa308242a6180f"}
,"/Users/bytedance/WeChatProjects/lv-house/miniprogram/utils/util.js": {"path":"/Users/bytedance/WeChatProjects/lv-house/miniprogram/utils/util.js","statementMap":{"0":{"start":{"line":10,"column":22},"end":{"line":34,"column":1}},"1":{"start":{"line":11,"column":2},"end":{"line":11,"column":50}},"2":{"start":{"line":12,"column":20},"end":{"line":12,"column":42}},"3":{"start":{"line":13,"column":19},"end":{"line":13,"column":43}},"4":{"start":{"line":14,"column":21},"end":{"line":14,"column":45}},"5":{"start":{"line":16,"column":17},"end":{"line":19,"column":3}},"6":{"start":{"line":21,"column":2},"end":{"line":33,"column":4}},"7":{"start":{"line":39,"column":19},"end":{"line":46,"column":1}},"8":{"start":{"line":40,"column":2},"end":{"line":40,"column":23}},"9":{"start":{"line":40,"column":13},"end":{"line":40,"column":23}},"10":{"start":{"line":41,"column":12},"end":{"line":41,"column":26}},"11":{"start":{"line":42,"column":12},"end":{"line":42,"column":27}},"12":{"start":{"line":43,"column":12},"end":{"line":43,"column":53}},"13":{"start":{"line":44,"column":14},"end":{"line":44,"column":50}},"14":{"start":{"line":45,"column":2},"end":{"line":45,"column":28}},"15":{"start":{"line":51,"column":20},"end":{"line":54,"column":1}},"16":{"start":{"line":52,"column":2},"end":{"line":52,"column":59}},"17":{"start":{"line":52,"column":45},"end":{"line":52,"column":59}},"18":{"start":{"line":53,"column":2},"end":{"line":53,"column":34}},"19":{"start":{"line":56,"column":0},"end":{"line":60,"column":2}}},"fnMap":{"0":{"name":"(anonymous_0)","decl":{"start":{"line":10,"column":22},"end":{"line":10,"column":23}},"loc":{"start":{"line":10,"column":34},"end":{"line":34,"column":1}},"line":10},"1":{"name":"(anonymous_1)","decl":{"start":{"line":39,"column":19},"end":{"line":39,"column":20}},"loc":{"start":{"line":39,"column":29},"end":{"line":46,"column":1}},"line":39},"2":{"name":"(anonymous_2)","decl":{"start":{"line":51,"column":20},"end":{"line":51,"column":21}},"loc":{"start":{"line":51,"column":31},"end":{"line":54,"column":1}},"line":51}},"branchMap":{"0":{"loc":{"start":{"line":11,"column":36},"end":{"line":11,"column":47}},"type":"binary-expr","locations":[{"start":{"line":11,"column":36},"end":{"line":11,"column":42}},{"start":{"line":11,"column":46},"end":{"line":11,"column":47}}],"line":11},"1":{"loc":{"start":{"line":13,"column":19},"end":{"line":13,"column":43}},"type":"cond-expr","locations":[{"start":{"line":13,"column":38},"end":{"line":13,"column":39}},{"start":{"line":13,"column":42},"end":{"line":13,"column":43}}],"line":13},"2":{"loc":{"start":{"line":31,"column":11},"end":{"line":31,"column":31}},"type":"binary-expr","locations":[{"start":{"line":31,"column":11},"end":{"line":31,"column":25}},{"start":{"line":31,"column":29},"end":{"line":31,"column":31}}],"line":31},"3":{"loc":{"start":{"line":40,"column":2},"end":{"line":40,"column":23}},"type":"if","locations":[{"start":{"line":40,"column":2},"end":{"line":40,"column":23}},{"start":{},"end":{}}],"line":40},"4":{"loc":{"start":{"line":52,"column":2},"end":{"line":52,"column":59}},"type":"if","locations":[{"start":{"line":52,"column":2},"end":{"line":52,"column":59}},{"start":{},"end":{}}],"line":52},"5":{"loc":{"start":{"line":52,"column":6},"end":{"line":52,"column":43}},"type":"binary-expr","locations":[{"start":{"line":52,"column":6},"end":{"line":52,"column":25}},{"start":{"line":52,"column":29},"end":{"line":52,"column":43}}],"line":52}},"s":{"0":1,"1":2,"2":2,"3":2,"4":2,"5":2,"6":2,"7":1,"8":1,"9":0,"10":1,"11":1,"12":1,"13":1,"14":1,"15":1,"16":3,"17":1,"18":2,"19":1},"f":{"0":2,"1":1,"2":3},"b":{"0":[2,0],"1":[1,1],"2":[2,0],"3":[0,1],"4":[1,2],"5":[3,3]},"_coverageSchema":"1a1c01bbd47fc00a2c39e90264f33305004495a9","hash":"6c43335b46edeff4e26533de4cb8cab4341c7ffe"}
}
