TN:
SF:cloudfunctions/getFavorites/index.js
FN:6,(anonymous_0)
FN:32,(anonymous_1)
FN:41,(anonymous_2)
FN:46,(anonymous_3)
FNF:4
FNH:4
FNDA:1,(anonymous_0)
FNDA:2,(anonymous_1)
FNDA:2,(anonymous_2)
FNDA:2,(anonymous_3)
DA:1,1
DA:2,1
DA:3,1
DA:4,1
DA:6,1
DA:7,1
DA:8,1
DA:9,1
DA:11,1
DA:12,1
DA:13,1
DA:14,0
DA:17,1
DA:18,1
DA:19,1
DA:21,1
DA:28,1
DA:29,0
DA:32,2
DA:33,1
DA:40,1
DA:41,1
DA:42,2
DA:45,1
DA:47,2
DA:48,2
DA:49,2
DA:58,1
DA:60,0
LF:29
LH:26
BRDA:9,0,0,0
BRDA:9,1,0,0
BRDA:13,2,0,0
BRDA:13,2,1,1
BRDA:17,3,0,1
BRDA:17,3,1,0
BRDA:18,4,0,1
BRDA:18,4,1,0
BRDA:28,5,0,0
BRDA:28,5,1,1
BRDA:48,6,0,0
BRDA:48,6,1,2
BRF:12
BRH:5
end_of_record
TN:
SF:cloudfunctions/getGoods/index.js
FN:6,(anonymous_0)
FNF:1
FNH:1
FNDA:1,(anonymous_0)
DA:1,1
DA:2,1
DA:3,1
DA:4,1
DA:6,1
DA:7,1
DA:9,1
DA:11,1
DA:13,1
DA:14,1
DA:15,1
DA:16,1
DA:17,1
DA:18,1
DA:19,1
DA:20,1
DA:22,1
DA:23,1
DA:24,1
DA:25,1
DA:26,1
DA:27,0
DA:29,1
DA:30,1
DA:37,1
DA:39,0
LF:26
LH:24
BRDA:9,0,0,0
BRDA:9,1,0,0
BRDA:9,2,0,0
BRDA:13,3,0,0
BRDA:13,3,1,1
BRDA:14,4,0,0
BRDA:14,4,1,1
BRDA:15,5,0,1
BRDA:15,5,1,0
BRDA:16,6,0,0
BRDA:16,6,1,1
BRDA:17,7,0,1
BRDA:17,7,1,0
BRDA:18,8,0,1
BRDA:18,8,1,0
BRDA:19,9,0,1
BRDA:19,9,1,0
BRDA:20,10,0,1
BRDA:20,10,1,0
BRDA:24,11,0,0
BRDA:24,11,1,1
BRDA:25,12,0,0
BRDA:25,12,1,1
BRDA:26,13,0,1
BRDA:26,13,1,0
BRDA:27,14,0,0
BRDA:27,14,1,0
BRF:27
BRH:11
end_of_record
TN:
SF:cloudfunctions/getGoodsDetail/index.js
FN:6,(anonymous_0)
FN:19,(anonymous_1)
FN:21,(anonymous_2)
FN:23,(anonymous_3)
FN:25,(anonymous_4)
FN:27,(anonymous_5)
FN:30,(anonymous_6)
FN:31,(anonymous_7)
FN:32,(anonymous_8)
FN:33,(anonymous_9)
FNF:10
FNH:10
FNDA:1,(anonymous_0)
FNDA:1,(anonymous_1)
FNDA:1,(anonymous_2)
FNDA:1,(anonymous_3)
FNDA:1,(anonymous_4)
FNDA:1,(anonymous_5)
FNDA:1,(anonymous_6)
FNDA:1,(anonymous_7)
FNDA:1,(anonymous_8)
FNDA:1,(anonymous_9)
DA:1,1
DA:2,1
DA:3,1
DA:4,1
DA:6,1
DA:7,1
DA:8,1
DA:9,1
DA:12,1
DA:14,1
DA:17,1
DA:19,1
DA:21,1
DA:23,1
DA:25,1
DA:27,1
DA:30,1
DA:31,1
DA:32,1
DA:33,1
DA:34,1
DA:36,1
DA:38,0
LF:23
LH:22
BRDA:18,0,0,1
BRDA:18,0,1,0
BRDA:18,1,0,1
BRDA:18,1,1,1
BRDA:20,2,0,1
BRDA:20,2,1,0
BRDA:20,3,0,1
BRDA:20,3,1,1
BRDA:22,4,0,1
BRDA:22,4,1,0
BRDA:22,5,0,1
BRDA:22,5,1,1
BRDA:24,6,0,1
BRDA:24,6,1,0
BRDA:24,7,0,1
BRDA:24,7,1,1
BRDA:26,8,0,1
BRDA:26,8,1,0
BRDA:30,9,0,1
BRDA:30,9,1,0
BRDA:30,10,0,1
BRDA:30,10,1,0
BRDA:31,11,0,1
BRDA:31,11,1,0
BRDA:32,12,0,1
BRDA:32,12,1,0
BRDA:33,13,0,1
BRDA:33,13,1,0
BRDA:34,14,0,1
BRDA:34,14,1,1
BRF:30
BRH:20
end_of_record
TN:
SF:cloudfunctions/login/index.js
FN:5,(anonymous_0)
FNF:1
FNH:1
FNDA:2,(anonymous_0)
DA:1,2
DA:2,2
DA:3,2
DA:5,2
DA:6,2
DA:7,2
DA:9,2
DA:11,2
DA:13,2
DA:14,1
DA:18,1
DA:28,1
DA:29,1
DA:30,1
DA:32,0
LF:15
LH:14
BRDA:13,0,0,1
BRDA:13,0,1,1
BRF:2
BRH:2
end_of_record
TN:
SF:cloudfunctions/saveGoods/index.js
FN:5,(anonymous_0)
FNF:1
FNH:1
FNDA:2,(anonymous_0)
DA:1,2
DA:2,2
DA:3,2
DA:5,2
DA:6,2
DA:8,2
DA:10,2
DA:11,2
DA:13,1
DA:14,1
DA:15,1
DA:16,1
DA:18,1
DA:20,0
DA:21,0
DA:24,1
DA:25,1
DA:26,1
DA:27,1
DA:28,1
DA:29,1
DA:32,0
LF:22
LH:19
BRDA:11,0,0,1
BRDA:11,0,1,1
BRDA:15,1,0,1
BRDA:15,1,1,0
BRDA:16,2,0,1
BRDA:16,2,1,0
BRDA:18,3,0,0
BRDA:18,3,1,1
BRF:8
BRH:5
end_of_record
TN:
SF:cloudfunctions/toggleFavorite/index.js
FN:5,(anonymous_0)
FNF:1
FNH:1
FNDA:2,(anonymous_0)
DA:1,2
DA:2,2
DA:3,2
DA:5,2
DA:6,2
DA:7,2
DA:8,2
DA:10,2
DA:11,0
DA:14,2
DA:15,2
DA:21,2
DA:22,0
DA:25,2
DA:26,2
DA:27,0
DA:30,2
DA:32,2
DA:33,1
DA:43,1
DA:52,1
DA:54,1
DA:71,1
DA:79,0
LF:24
LH:20
BRDA:10,0,0,0
BRDA:10,0,1,2
BRDA:21,1,0,0
BRDA:21,1,1,2
BRDA:26,2,0,0
BRDA:26,2,1,2
BRDA:26,3,0,2
BRDA:26,3,1,2
BRDA:32,4,0,1
BRDA:32,4,1,1
BRDA:37,5,0,1
BRDA:37,5,1,0
BRDA:47,6,0,1
BRDA:47,6,1,0
BRDA:52,7,0,1
BRDA:52,7,1,0
BRF:16
BRH:10
end_of_record
TN:
SF:miniprogram/utils/api.js
FN:4,(anonymous_0)
FN:8,(anonymous_1)
FN:16,(anonymous_2)
FN:23,(anonymous_3)
FN:24,(anonymous_4)
FN:25,(anonymous_5)
FN:26,(anonymous_6)
FN:27,(anonymous_7)
FN:28,(anonymous_8)
FN:29,(anonymous_9)
FN:30,(anonymous_10)
FN:31,(anonymous_11)
FN:32,(anonymous_12)
FN:33,(anonymous_13)
FN:34,(anonymous_14)
FN:35,(anonymous_15)
FNF:16
FNH:5
FNDA:2,(anonymous_0)
FNDA:2,(anonymous_1)
FNDA:1,(anonymous_2)
FNDA:0,(anonymous_3)
FNDA:1,(anonymous_4)
FNDA:0,(anonymous_5)
FNDA:0,(anonymous_6)
FNDA:1,(anonymous_7)
FNDA:0,(anonymous_8)
FNDA:0,(anonymous_9)
FNDA:0,(anonymous_10)
FNDA:0,(anonymous_11)
FNDA:0,(anonymous_12)
FNDA:0,(anonymous_13)
FNDA:0,(anonymous_14)
FNDA:0,(anonymous_15)
DA:4,2
DA:5,2
DA:9,2
DA:10,2
DA:11,1
DA:13,1
DA:14,1
DA:15,1
DA:17,1
DA:18,1
DA:22,2
DA:23,0
DA:24,1
DA:25,0
DA:26,0
DA:27,1
DA:28,0
DA:29,0
DA:30,0
DA:31,0
DA:32,0
DA:33,0
DA:34,0
DA:35,0
LF:24
LH:13
BRDA:4,0,0,0
BRDA:10,1,0,1
BRDA:10,1,1,1
BRDA:10,2,0,2
BRDA:10,2,1,2
BRDA:13,3,0,1
BRDA:13,3,1,0
BRDA:24,4,0,1
BRDA:24,4,1,0
BRDA:26,5,0,0
BRDA:26,5,1,0
BRDA:30,6,0,0
BRDA:30,6,1,0
BRF:13
BRH:6
end_of_record
TN:
SF:miniprogram/utils/auth.js
FN:9,(anonymous_0)
FN:33,(anonymous_1)
FN:45,(anonymous_2)
FN:53,(anonymous_3)
FNF:4
FNH:4
FNDA:1,(anonymous_0)
FNDA:1,(anonymous_1)
FNDA:1,(anonymous_2)
FNDA:1,(anonymous_3)
DA:4,2
DA:9,2
DA:10,1
DA:11,1
DA:12,1
DA:13,1
DA:14,1
DA:17,1
DA:18,1
DA:19,1
DA:20,1
DA:21,1
DA:23,1
DA:25,0
DA:26,0
DA:33,2
DA:34,1
DA:35,1
DA:36,1
DA:37,1
DA:38,1
DA:39,1
DA:45,2
DA:46,1
DA:47,1
DA:53,2
DA:54,1
DA:55,1
DA:58,2
LF:29
LH:27
BRDA:13,0,0,1
BRDA:13,0,1,0
BRDA:14,1,0,1
BRDA:14,1,1,0
BRDA:14,1,2,0
BRF:5
BRH:2
end_of_record
TN:
SF:miniprogram/utils/util.js
FN:10,(anonymous_0)
FN:39,(anonymous_1)
FN:51,(anonymous_2)
FNF:3
FNH:3
FNDA:2,(anonymous_0)
FNDA:1,(anonymous_1)
FNDA:3,(anonymous_2)
DA:10,1
DA:11,2
DA:12,2
DA:13,2
DA:14,2
DA:16,2
DA:21,2
DA:39,1
DA:40,1
DA:41,1
DA:42,1
DA:43,1
DA:44,1
DA:45,1
DA:51,1
DA:52,3
DA:53,2
DA:56,1
LF:18
LH:18
BRDA:11,0,0,2
BRDA:11,0,1,0
BRDA:13,1,0,1
BRDA:13,1,1,1
BRDA:31,2,0,2
BRDA:31,2,1,0
BRDA:40,3,0,0
BRDA:40,3,1,1
BRDA:52,4,0,1
BRDA:52,4,1,2
BRDA:52,5,0,3
BRDA:52,5,1,3
BRF:12
BRH:9
end_of_record
